<?xml version="1.0" encoding="UTF-8"?>
<!-- Generated by org.testng.reporters.JUnitXMLReporter -->
<testsuite hostname="WPW-WANW-02" name="Default test" tests="4" failures="0" timestamp="30 Oct 2015 17:55:36 GMT" time="0.018" errors="0">
  <testcase name="profileExist" time="0.0" classname="worldpay.QS.SeleniumRGNG.RiskProfilePageTest">
    <skipped/>
  </testcase> <!-- profileExist -->
  <testcase name="profileTest" time="0.0" classname="worldpay.QS.SeleniumRGNG.RiskProfilePageTest">
    <skipped/>
  </testcase> <!-- profileTest -->
  <testcase name="sectionExist" time="0.0" classname="worldpay.QS.SeleniumRGNG.RiskProfilePageTest">
    <skipped/>
  </testcase> <!-- sectionExist -->
  <testcase name="sectionTest" time="0.0" classname="worldpay.QS.SeleniumRGNG.RiskProfilePageTest">
    <skipped/>
  </testcase> <!-- sectionTest -->
</testsuite> <!-- Default test -->
