<?xml version="1.0" encoding="UTF-8"?>
<!-- Generated by org.testng.reporters.JUnitXMLReporter -->
<testsuite hostname="WPW-WANW-02" name="Test Case of Section 1" tests="1" failures="1" timestamp="30 Oct 2015 15:34:57 GMT" time="7.163" errors="0">
  <testcase name="sectionTest" time="7.161" classname="worldpay.QS.SeleniumRGNG.RiskProfilePageTest">
    <failure type="java.lang.AssertionError" message="expected:&amp;lt;Internet aware&amp;gt; but was:&amp;lt;Profile specific&amp;gt;">
      <![CDATA[java.lang.AssertionError: expected:<Internet aware> but was:<Profile specific>
	at worldpay.QS.SeleniumRGNG.RiskProfilePageTest.sectionTest(RiskProfilePageTest.java:54)
... Removed 26 stack frames]]>
    </failure>
  </testcase> <!-- sectionTest -->
</testsuite> <!-- Test Case of Section 1 -->
